<?xml version="1.0" encoding="UTF-8"?>
<!-- Generated by org.testng.reporters.JUnitXMLReporter -->
<testsuite ignored="2" hostname="DESKTOP-VLHIS80" failures="0" tests="1" name="Default test" time="11.768" errors="0" timestamp="2025-04-21T21:51:37 GMT+03:00">
  <testcase classname="codenboxautomationlabNEW.codenboxautomationlabNEW.AppTest" name="StaticDropdown" time="2.176"/>
  <testcase classname="codenboxautomationlabNEW.codenboxautomationlabNEW.AppTest" name="Dynamic_Dropdown" time="0.0">
    <ignored/>
  </testcase> <!-- Dynamic_Dropdown -->
  <testcase classname="codenboxautomationlabNEW.codenboxautomationlabNEW.AppTest" name="RadioButton" time="0.0">
    <ignored/>
  </testcase> <!-- RadioButton -->
</testsuite> <!-- Default test -->
