<?xml version="1.0" encoding="UTF-8"?>
<testng-results ignored="2" total="3" passed="1" failed="0" skipped="0">
  <reporter-output>
  </reporter-output>
  <suite started-at="2025-04-21T21:51:26 GMT+03:00" name="Default suite" finished-at="2025-04-21T21:51:37 GMT+03:00" duration-ms="11768">
    <groups>
    </groups>
    <test started-at="2025-04-21T21:51:26 GMT+03:00" name="Default test" finished-at="2025-04-21T21:51:37 GMT+03:00" duration-ms="11768">
      <class name="codenboxautomationlabNEW.codenboxautomationlabNEW.AppTest">
        <test-method is-config="true" signature="mySetup()[pri:0, instance:codenboxautomationlabNEW.codenboxautomationlabNEW.AppTest@3b0c9195]" started-at="2025-04-21T21:51:26 GMT+03:00" name="mySetup" finished-at="2025-04-21T21:51:35 GMT+03:00" duration-ms="9506" status="PASS">
          <reporter-output>
          </reporter-output>
        </test-method> <!-- mySetup -->
        <test-method signature="StaticDropdown()[pri:3, instance:codenboxautomationlabNEW.codenboxautomationlabNEW.AppTest@3b0c9195]" started-at="2025-04-21T21:51:35 GMT+03:00" name="StaticDropdown" finished-at="2025-04-21T21:51:37 GMT+03:00" duration-ms="2176" status="PASS">
          <reporter-output>
          </reporter-output>
        </test-method> <!-- StaticDropdown -->
      </class> <!-- codenboxautomationlabNEW.codenboxautomationlabNEW.AppTest -->
    </test> <!-- Default test -->
  </suite> <!-- Default suite -->
</testng-results>
